<?xml version="1.0" encoding="UTF-8"?>
<testsuite name="MyHashMapTest" tests="3" skipped="0" failures="0" errors="0" timestamp="2021-06-05T18:45:53" hostname="DESKTOP-38KI29F" time="0.039">
  <properties/>
  <testcase name="giveASentence_whenWordIsRemovedFromHashMap_ShouldReturnNull()" classname="MyHashMapTest" time="0.031"/>
  <testcase name="giveASentence_whenWordsAreAddedToList_ShouldReturnWordFrequency()" classname="MyHashMapTest" time="0.004"/>
  <testcase name="giveASentence_whenWordsAreAddedToList_ShouldReturnParanoidFrequency()" classname="MyHashMapTest" time="0.002"/>
  <system-out><![CDATA[]]></system-out>
  <system-err><![CDATA[]]></system-err>
</testsuite>
