<?xml version="1.0" encoding="UTF-8"?>
<testsuite name="MyHashMapTest" tests="1" skipped="0" failures="0" errors="0" timestamp="2021-06-06T09:59:02" hostname="DESKTOP-38KI29F" time="0.032">
  <properties/>
  <testcase name="giveASentence_whenWordIsRemovedFromHashMap_ShouldReturnNull()" classname="MyHashMapTest" time="0.032"/>
  <system-out><![CDATA[]]></system-out>
  <system-err><![CDATA[]]></system-err>
</testsuite>
