<?xml version="1.0" encoding="UTF-8"?>
<testsuite name="MyHashMapTest" tests="1" skipped="0" failures="0" errors="0" timestamp="2021-06-06T09:54:19" hostname="DESKTOP-38KI29F" time="0.038">
  <properties/>
  <testcase name="giveASentence_whenWordsAreAddedToList_ShouldReturnParanoidFrequency()" classname="MyHashMapTest" time="0.038"/>
  <system-out><![CDATA[]]></system-out>
  <system-err><![CDATA[]]></system-err>
</testsuite>
