<?xml version="1.0" encoding="UTF-8"?>
<testsuite name="MyHashMapTest" tests="1" skipped="0" failures="0" errors="0" timestamp="2021-06-07T02:49:49" hostname="DESKTOP-38KI29F" time="0.034">
  <properties/>
  <testcase name="giveASentence_whenWordsAreAddedToList_ShouldReturnWordFrequency()" classname="MyHashMapTest" time="0.034"/>
  <system-out><![CDATA[found
found
found
3
to 2
be 3
or 1
not 1
to 2
be 3
or 1
]]></system-out>
  <system-err><![CDATA[]]></system-err>
</testsuite>
